20240203	 02:48:55	 04e8f5e7-09dd-4c23-a85b-0226cb080477	 undefined	GET	/api-docs
20240203	 02:48:59	 9381e1bd-f8c2-4697-95af-4fc699215150	 undefined	GET	/favicon.ico
20240203	 02:50:18	 40d4d96f-57bc-44a2-a92e-d648b4d4eb3a	 undefined	GET	/api-docs
20240203	 02:51:35	 12153f01-3892-4cb4-9046-92b7e2997675	 undefined	GET	/api-docs
20240203	 02:51:35	 80d8420c-7234-418c-97b8-e59ebcd02603	 undefined	GET	/api-docs/
20240203	 02:51:36	 a9912a1a-6054-4613-9e2c-e9d2518d93bd	 undefined	GET	/api-docs/swagger-ui.css
20240203	 02:51:36	 67f078b9-fbdf-44e2-85c6-62ebefb72da2	 undefined	GET	/api-docs/swagger-ui-bundle.js
20240203	 02:51:36	 4da1b2ef-073f-405f-ad93-1dafcc2fa679	 undefined	GET	/api-docs/swagger-ui-standalone-preset.js
20240203	 02:51:36	 06c81194-3b14-4970-a2f4-6a0578356b49	 undefined	GET	/api-docs/swagger-ui-init.js
20240203	 02:51:38	 72186fdb-bed0-4668-8c34-40a4a516c44b	 undefined	GET	/api-docs/favicon-32x32.png
20240203	 02:51:39	 41146ece-f393-48d2-8a63-cadd32596053	 undefined	GET	/api-docs/favicon-32x32.png
20240203	 02:52:48	 39dec3df-3058-4188-a099-48cffac1c627	 undefined	GET	/api-docs/
20240203	 02:52:48	 425a6fdc-b65d-429f-a721-fc1e32a96284	 undefined	GET	/api-docs/swagger-ui.css
20240203	 02:52:48	 3d41b761-1718-4ca7-a8ce-80dfe87a49a8	 undefined	GET	/api-docs/swagger-ui-bundle.js
20240203	 02:52:48	 517c059d-53fc-42d7-9b9a-82f28460fbf1	 undefined	GET	/api-docs/swagger-ui-standalone-preset.js
20240203	 02:52:48	 843763d4-6a08-47fe-a47d-e45ea63d070e	 undefined	GET	/api-docs/swagger-ui-init.js
20240203	 02:52:49	 ac02cd55-c898-473d-833f-a77a331be2e5	 undefined	GET	/api-docs/favicon-32x32.png
20240203	 02:52:50	 bc95be51-7b12-4070-8822-1fc651a57445	 undefined	GET	/api-docs/favicon-32x32.png
20240203	 03:23:56	 b7049cca-7cde-4c43-92a2-846f2264ceee	 undefined	GET	/api-docs/
20240203	 03:23:56	 0a132568-0314-42ae-b047-3645d4511548	 undefined	GET	/api-docs/swagger-ui.css
20240203	 03:23:57	 233aab92-23d2-4227-ad0a-a0a94735e430	 undefined	GET	/api-docs/swagger-ui-standalone-preset.js
20240203	 03:23:57	 dfeb1bf1-0ebd-4675-873d-e733296d8c84	 undefined	GET	/api-docs/swagger-ui-bundle.js
20240203	 03:23:57	 fdac52c2-b6e2-42df-903e-3c2cf0704434	 undefined	GET	/api-docs/swagger-ui-init.js
20240203	 03:23:59	 2ad1fb75-796a-4ee4-b19f-f9c928b7ceee	 undefined	GET	/api-docs/favicon-32x32.png
20240203	 03:24:00	 3a260ef1-76e2-4d05-9eb1-a74f281d385a	 undefined	GET	/api-docs/favicon-32x32.png
20240203	 03:29:06	 941c86f8-4bad-4e73-8e06-3b391c413ee0	 undefined	GET	/api-docs/
20240203	 03:29:06	 24aa31eb-94b2-4e52-8909-a3e450cb492f	 undefined	GET	/api-docs/swagger-ui.css
20240203	 03:29:06	 cd83ee65-80a0-4e27-9583-05326c92baa2	 undefined	GET	/api-docs/swagger-ui-bundle.js
20240203	 03:29:06	 11a0f724-f783-4409-84d5-6d7bf3336a38	 undefined	GET	/api-docs/swagger-ui-standalone-preset.js
20240203	 03:29:06	 1c1833e3-8cef-4db9-adc4-915a4ae8ca18	 undefined	GET	/api-docs/swagger-ui-init.js
20240203	 03:29:08	 4d6332e6-96c8-4726-8d2c-8f7f6313ca8a	 undefined	GET	/api-docs/favicon-32x32.png
20240203	 03:29:10	 30b66dc4-40a7-42f5-8295-c7d4b345937a	 undefined	GET	/api-docs/favicon-32x32.png
20240203	 03:31:13	 1eba2d09-8e17-4157-8fad-9c21e405ecbf	 undefined	GET	/api-docs/
20240203	 03:31:13	 f0924bfe-8607-46dc-8565-7406f43a7385	 undefined	GET	/api-docs/swagger-ui.css
20240203	 03:31:13	 e22a6fea-3d6c-4ce1-8e8c-14e99c7cc455	 undefined	GET	/api-docs/swagger-ui-bundle.js
20240203	 03:31:13	 ab7f336e-15e3-4023-83c7-71984eea7d81	 undefined	GET	/api-docs/swagger-ui-standalone-preset.js
20240203	 03:31:13	 f011b55b-8762-4eae-9655-7520bc832563	 undefined	GET	/api-docs/swagger-ui-init.js
20240203	 03:31:15	 43cd399e-c0ea-4f50-9de3-d2ee139608c0	 undefined	GET	/api-docs/favicon-32x32.png
20240203	 03:31:17	 467b1037-a1e4-4635-89f3-a5b2a507f09f	 undefined	GET	/api-docs/favicon-32x32.png
20240203	 03:31:32	 ae6cc932-4e1a-4fbc-b97d-cc97e1ff222e	 undefined	GET	/api-docs/
20240203	 03:31:32	 470c827b-df2c-4f12-bb39-81dd94aa1822	 undefined	GET	/api-docs/swagger-ui.css
20240203	 03:31:32	 272aa095-ddf0-480d-8db0-e296749b0eb0	 undefined	GET	/api-docs/swagger-ui-bundle.js
20240203	 03:31:32	 c1594538-2e56-4241-8706-6993baf54280	 undefined	GET	/api-docs/swagger-ui-standalone-preset.js
20240203	 03:31:32	 f11f55fa-658c-481c-a08e-0e0e754b300f	 undefined	GET	/api-docs/swagger-ui-init.js
20240203	 03:31:34	 2d5e4b98-936d-4577-9649-09acd2e58ee6	 undefined	GET	/api-docs/favicon-32x32.png
20240203	 03:31:35	 5f86aaba-6461-4834-940c-4a95f1795b23	 undefined	GET	/api-docs/favicon-32x32.png
20240203	 03:33:41	 47897940-ef91-4362-99d0-4e33bac7b49b	 undefined	GET	/api-docs/
20240203	 03:33:41	 518cedab-e605-47ae-9840-430074029e93	 undefined	GET	/api-docs/swagger-ui.css
20240203	 03:33:41	 769c0fc5-eb8a-4db3-bfc8-7d0acea0d120	 undefined	GET	/api-docs/swagger-ui-bundle.js
20240203	 03:33:41	 e695e16c-216d-4d9f-bd23-1e72459fa8af	 undefined	GET	/api-docs/swagger-ui-standalone-preset.js
20240203	 03:33:41	 eee4a7ba-172b-484f-a6ad-8874f16d72ef	 undefined	GET	/api-docs/swagger-ui-init.js
20240203	 03:33:44	 9a024f96-f0b6-4e03-bec2-da3eae577b00	 undefined	GET	/api-docs/
20240203	 03:33:45	 ac1dcf13-cb5c-4cd5-b02c-c9e786a58b15	 undefined	GET	/api-docs/swagger-ui.css
20240203	 03:33:45	 b13fc7a4-0ada-460d-8019-b704ac67e25b	 undefined	GET	/api-docs/swagger-ui-bundle.js
20240203	 03:33:45	 2a77f249-57aa-460f-9c70-a75518f98291	 undefined	GET	/api-docs/swagger-ui-standalone-preset.js
20240203	 03:33:45	 5ed7095a-a3b0-4591-afeb-0b819025fa23	 undefined	GET	/api-docs/swagger-ui-init.js
20240203	 03:33:46	 ea4cbd0e-5d23-4551-b7c4-da3a06eae705	 undefined	GET	/api-docs/favicon-32x32.png
20240203	 03:33:47	 efe564a8-f8e1-4062-99ee-973b512dd8ac	 undefined	GET	/api-docs/favicon-32x32.png
20240203	 03:34:53	 f50ddf55-9a54-4d20-9182-e18a5f6c5298	 undefined	GET	/api-docs/
20240203	 03:34:53	 83034189-9ae4-49cb-b8ab-7e44fc0f5ea1	 undefined	GET	/api-docs/swagger-ui.css
20240203	 03:34:53	 b9d52311-462d-4358-950f-680eab0fc4d5	 undefined	GET	/api-docs/swagger-ui-bundle.js
20240203	 03:34:53	 7c6f62fd-58a1-40c7-b755-62c66aa2a2e2	 undefined	GET	/api-docs/swagger-ui-standalone-preset.js
20240203	 03:34:53	 63fbeffd-77ea-4c39-b40b-96d547dbecaf	 undefined	GET	/api-docs/swagger-ui-init.js
20240203	 03:34:55	 048f7d6d-3c0c-4cd0-b011-f93e8e4cb93b	 undefined	GET	/api-docs/favicon-32x32.png
20240203	 03:34:57	 ecd9cd0b-2e95-4252-80e4-c611c6bbf7ad	 undefined	GET	/api-docs/favicon-32x32.png
20240203	 03:35:37	 6384feb4-2aa9-4c41-a108-ed93b2831d3b	 undefined	GET	/
20240203	 03:36:15	 c04c1dab-8bd4-48a5-a114-601b186e2f82	 undefined	GET	/api-docs/
20240203	 03:36:15	 bfd21a59-da97-4cb2-b1eb-f10504a985f3	 undefined	GET	/api-docs/swagger-ui.css
20240203	 03:36:15	 1be198d8-6615-41fc-8aa4-10408b69570d	 undefined	GET	/api-docs/swagger-ui-bundle.js
20240203	 03:36:15	 f8c352df-9bf3-4ce4-bebd-22f50887e7ed	 undefined	GET	/api-docs/swagger-ui-standalone-preset.js
20240203	 03:36:15	 856f7bd9-0baa-49bf-9328-a0bc8afe0462	 undefined	GET	/api-docs/swagger-ui-init.js
20240203	 03:36:17	 67e04fae-5d6c-4e6b-afd0-76fdab4f5be7	 undefined	GET	/api-docs/favicon-32x32.png
20240203	 03:38:06	 73cc67b5-19cb-4a8e-80b8-836328d0f174	 undefined	GET	/api-docs/
20240203	 03:38:06	 b63e15fe-60de-4431-8723-afc07d23d488	 undefined	GET	/api-docs/swagger-ui.css
20240203	 03:38:06	 b5e3ef39-3f7d-4672-b581-a1f225acd000	 undefined	GET	/api-docs/swagger-ui-standalone-preset.js
20240203	 03:38:06	 586a69cc-cb71-47c1-bcf9-5543eee0369f	 undefined	GET	/api-docs/swagger-ui-bundle.js
20240203	 03:38:06	 fc9b15e2-10e0-478b-88ff-943c699bfac1	 undefined	GET	/api-docs/swagger-ui-init.js
20240203	 03:38:09	 3d5441e0-6897-4f8f-85f6-ad48e0ed3cfb	 undefined	GET	/api-docs/favicon-32x32.png
20240203	 03:38:11	 597d6bba-53d3-4c9b-a5a1-3f349f1a3b5b	 undefined	GET	/api-docs/favicon-32x32.png
20240203	 03:41:51	 78a3836a-b66a-4d67-911e-45616382658f	 undefined	GET	/api-docs/
20240203	 03:41:51	 49ed9603-b111-4ffb-9d93-eeb092792250	 undefined	GET	/api-docs/swagger-ui.css
20240203	 03:41:51	 57d9ddaf-e48c-4603-a247-fb9b39a50cd4	 undefined	GET	/api-docs/swagger-ui-bundle.js
20240203	 03:41:51	 ba19ea11-a233-4d91-bf3e-2f116208308d	 undefined	GET	/api-docs/swagger-ui-standalone-preset.js
20240203	 03:41:51	 731c46f0-b667-479a-b85e-deecfc906fba	 undefined	GET	/api-docs/swagger-ui-init.js
20240203	 03:41:52	 8463c074-3e81-442a-ae90-e3fe881b5b8e	 undefined	GET	/api-docs/favicon-32x32.png
20240203	 03:41:53	 2379d2f4-58a3-42cd-ab1e-375b96bb04ed	 undefined	GET	/api-docs/favicon-32x32.png
20240203	 03:41:56	 aa421653-a92e-4baa-ae61-7d1dcc1f03fc	 undefined	GET	/api-docs/
20240203	 03:41:56	 7a9968bb-ea76-4322-9058-06f58d9637dc	 undefined	GET	/api-docs/swagger-ui.css
20240203	 03:41:56	 fe59bca6-dd2a-41c8-8bca-d0066b361474	 undefined	GET	/api-docs/swagger-ui-bundle.js
20240203	 03:41:56	 065cfe5b-d967-46ee-8a87-7d8b2a82437c	 undefined	GET	/api-docs/swagger-ui-standalone-preset.js
20240203	 03:41:56	 a3b41258-4fd8-4f35-97ad-4e2ba79995cd	 undefined	GET	/api-docs/swagger-ui-init.js
20240203	 03:41:57	 7ea533b8-925e-43eb-8bcd-f81ecfe75286	 undefined	GET	/api-docs/favicon-32x32.png
20240203	 03:41:58	 da566431-bbf8-4e43-b77e-7406f581fc2d	 undefined	GET	/api-docs/favicon-32x32.png
20240203	 03:42:12	 928f9a12-24db-4631-9010-1b6824fe336b	 undefined	GET	/api-docs/
20240203	 03:42:13	 5aeee559-4719-4209-80de-d916ec195429	 undefined	GET	/api-docs/swagger-ui.css
20240203	 03:42:13	 e6c94bd9-d86f-42e6-9b63-755b0ad9f368	 undefined	GET	/api-docs/swagger-ui-bundle.js
20240203	 03:42:13	 288b46c6-5a54-43cc-bdb4-6dadd2dee491	 undefined	GET	/api-docs/swagger-ui-standalone-preset.js
20240203	 03:42:13	 7a61a3f1-b5c2-4726-9989-a98cc964464a	 undefined	GET	/api-docs/swagger-ui-init.js
20240203	 03:42:15	 deee64d8-f01b-420c-a642-8e9af6365046	 undefined	GET	/api-docs/favicon-32x32.png
20240203	 03:42:17	 bcc95646-2c54-48ba-8e60-d21af558bc4e	 undefined	GET	/api-docs/favicon-32x32.png
20240203	 03:42:24	 f57a6cc2-c135-4ba1-b5f5-d45202ccbc2b	 undefined	GET	/api-docs/
20240203	 03:42:24	 f8a1751a-51c7-48bb-a8d2-6d32aba79e1f	 undefined	GET	/api-docs/swagger-ui.css
20240203	 03:42:24	 0869b3ae-07e4-4e79-a729-5538fd9cf0d3	 undefined	GET	/api-docs/swagger-ui-bundle.js
20240203	 03:42:24	 13f7f0d5-f147-4cbf-bdac-b3bc9f3ce159	 undefined	GET	/api-docs/swagger-ui-standalone-preset.js
20240203	 03:42:24	 d6f44a2e-7f58-4ff7-8eba-d47818ee90d7	 undefined	GET	/api-docs/swagger-ui-init.js
20240203	 03:42:25	 40c573e6-de20-4295-ab3d-f786085308fd	 undefined	GET	/api-docs/favicon-32x32.png
20240203	 03:42:26	 5ba3c014-afed-4e52-b700-c47686b500eb	 undefined	GET	/api-docs/favicon-32x32.png
20240203	 03:53:11	 40829799-eb4a-4e23-bd1f-a57258ef8cd2	 undefined	GET	/api-docs/
20240203	 03:53:11	 e47e26fc-a19a-4c4d-86c3-06bcab4992a3	 undefined	GET	/api-docs/swagger-ui.css
20240203	 03:53:11	 739f70ed-5194-471e-8659-fae55956a735	 undefined	GET	/api-docs/swagger-ui-bundle.js
20240203	 03:53:11	 82cf95b4-73f0-4b66-9fa8-2af37575cab8	 undefined	GET	/api-docs/swagger-ui-standalone-preset.js
20240203	 03:53:11	 4cda62dc-bf72-45a8-92a1-b9109969e664	 undefined	GET	/api-docs/swagger-ui-init.js
20240203	 03:53:14	 77897d8c-0596-44ef-bc7c-ed4543ad7c15	 undefined	GET	/api-docs/favicon-32x32.png
20240203	 03:53:15	 ae04260e-7b5c-4bf2-b73b-f19fe67b261e	 undefined	GET	/api-docs/favicon-32x32.png
20240203	 03:56:08	 4c46827a-9675-4e6b-9a1c-4fa7785d3b9e	 undefined	GET	/api-docs/
20240203	 03:56:08	 381bb2af-274d-4994-bc68-f7cf6e4d6562	 undefined	GET	/api-docs/swagger-ui.css
20240203	 03:56:08	 56db4a85-b8ed-4990-a1aa-5cdf80eb3ca6	 undefined	GET	/api-docs/swagger-ui-bundle.js
20240203	 03:56:08	 4ef90921-bf31-413d-b393-ec8249d63208	 undefined	GET	/api-docs/swagger-ui-standalone-preset.js
20240203	 03:56:08	 89725275-7c09-4473-8ca8-4aa8fcfe988b	 undefined	GET	/api-docs/swagger-ui-init.js
20240203	 03:56:11	 e362cd33-af06-43d6-b079-51b2006449cd	 undefined	GET	/api-docs/favicon-32x32.png
20240203	 03:56:12	 b0007673-e8b5-4f1a-83fe-67c4e90f2122	 undefined	GET	/api-docs/favicon-32x32.png
20240203	 03:58:36	 6de4d685-118e-4bbe-b924-6e5522041680	 undefined	GET	/api-docs/swagger-ui.css
20240203	 03:58:38	 c2aa2903-c56a-4319-8717-9371f3cd250f	 undefined	GET	/api-docs/swagger-ui-bundle.js.map
20240203	 03:58:38	 08454da8-68d8-4c8c-96ff-32f036f37788	 undefined	GET	/api-docs/swagger-ui-standalone-preset.js.map
20240203	 03:58:39	 8a214a60-8a80-4224-a7fd-8da286035868	 undefined	GET	/api-docs/swagger-ui.css.map
20240203	 04:07:28	 f67b3c9b-9d78-487c-9c3f-1af4f06bc13d	 undefined	GET	/api-docs/
20240203	 04:07:28	 5497af92-ec52-4404-b71c-e6e74e343d48	 undefined	GET	/api-docs/swagger-ui.css
20240203	 04:07:28	 d3e2810a-ba4d-48a7-9022-00f880b0297b	 undefined	GET	/api-docs/swagger-ui-bundle.js
20240203	 04:07:28	 d6f8bb96-89eb-4f32-b2e9-237dfec9d497	 undefined	GET	/api-docs/swagger-ui-standalone-preset.js
20240203	 04:07:28	 d4b90c3e-ee4a-4a48-8a75-192ce4b9aaf6	 undefined	GET	/api-docs/swagger-ui-init.js
20240203	 04:07:30	 d88ed6b6-2bd4-4306-bda7-efd17feccbec	 undefined	GET	/api-docs/swagger-ui.css.map
20240203	 04:07:32	 7bbf2015-6724-4dd5-8b38-a30fed822c86	 undefined	GET	/api-docs/swagger-ui-bundle.js.map
20240203	 04:07:32	 9d621ca5-b2ff-448f-9911-ba3053a9b81a	 undefined	GET	/api-docs/swagger-ui-standalone-preset.js.map
20240203	 04:07:32	 404bcc86-5885-4f74-ac0e-d5738cf5e35a	 undefined	GET	/api-docs/favicon-32x32.png
20240203	 04:07:34	 988e8e6d-163b-46d7-9af9-73bbb9a65969	 undefined	GET	/api-docs/favicon-32x32.png
20240203	 04:14:04	 c2514d3c-fb8a-4d42-8815-37c7bc6ffe86	 undefined	GET	/api-docs/
20240203	 04:14:04	 88fb4286-f1ca-456f-bd19-3c77661cee45	 undefined	GET	/api-docs/swagger-ui.css
20240203	 04:14:04	 3cd11dd8-4520-4295-ae0a-a93ce6fde901	 undefined	GET	/api-docs/swagger-ui-bundle.js
20240203	 04:14:04	 79d1c5cf-e258-41f8-9c5b-ce01e0e86014	 undefined	GET	/api-docs/swagger-ui-standalone-preset.js
20240203	 04:14:04	 c6755ec4-5267-41e3-9735-001df9de5961	 undefined	GET	/api-docs/swagger-ui-init.js
20240203	 04:14:07	 410b875c-9253-447b-84d4-43e8b9acd2be	 undefined	GET	/api-docs/favicon-32x32.png
20240203	 04:14:08	 0c8ae44e-201e-42ec-b5dd-a23b93f3d3a7	 undefined	GET	/api-docs/favicon-32x32.png
20240206	 10:46:38	 bf7b81a4-e55c-42f7-a0c7-a2421a1c5733	 undefined	GET	/documentations
20240206	 10:46:38	 ad13621e-80b8-4deb-929d-93c9a32253db	 undefined	GET	/documentations/
20240206	 10:46:38	 c08251bc-12c8-4abb-b01d-7a1c16ee62b4	 undefined	GET	/documentations/swagger-ui.css
20240206	 10:46:38	 6ff25ff2-0bd9-4251-a370-eb9678c5a0d5	 undefined	GET	/documentations/swagger-ui-bundle.js
20240206	 10:46:38	 7194921f-98e1-4302-9327-c1c02892f204	 undefined	GET	/documentations/swagger-ui-standalone-preset.js
20240206	 10:46:38	 01d1039a-c655-4da7-afdf-0f0585c64d20	 undefined	GET	/documentations/swagger-ui-init.js
20240206	 10:46:41	 c634fa53-7ce8-4b7f-93a8-692dffb1db0c	 undefined	GET	/documentations/favicon-32x32.png
20240206	 10:46:43	 e76c1c4b-3868-4635-9892-2a1fb73eaab5	 undefined	GET	/documentations/favicon-32x32.png
20240206	 10:52:08	 06edb102-f90c-40c7-9f57-85f2f248d575	 undefined	GET	/documentations/
20240206	 10:52:08	 875b00bc-8adc-4ddc-ae89-4a3a6977f9e0	 undefined	GET	/documentations/swagger-ui.css
20240206	 10:52:09	 fa11ffdd-2e0c-4a95-b9c1-4620159a088f	 undefined	GET	/documentations/swagger-ui-bundle.js
20240206	 10:52:09	 afc3ba38-bcdb-476a-b0ca-e400a499a9c5	 undefined	GET	/documentations/swagger-ui-standalone-preset.js
20240206	 10:52:09	 70adad81-2aa0-4366-bf2d-d9d9469174a3	 undefined	GET	/documentations/swagger-ui-init.js
20240206	 10:52:11	 a9c014f5-f7aa-439f-bbf6-941423847326	 undefined	GET	/documentations/favicon-32x32.png
20240206	 10:52:11	 9de7e1c9-4ae6-4bd2-8e22-4a8dfd2f0045	 undefined	GET	/documentations/favicon-32x32.png
20240206	 10:58:27	 c3fb9797-65ed-4f10-920e-076c2a809dd9	 undefined	GET	/documentations/
20240206	 10:58:28	 cc577069-d97a-4c0c-b621-5d3f4ceafc43	 undefined	GET	/documentations/swagger-ui.css
20240206	 10:58:28	 2585639b-b9d6-4486-bc67-cf07d908e279	 undefined	GET	/documentations/swagger-ui-bundle.js
20240206	 10:58:28	 dd49075e-702f-4c58-8dd0-0b94bdc5e397	 undefined	GET	/documentations/swagger-ui-standalone-preset.js
20240206	 10:58:28	 34867db1-5514-4215-b19e-952eed39a5ba	 undefined	GET	/documentations/swagger-ui-init.js
20240206	 10:58:29	 97956e60-3e34-40c2-8227-179002c81fd4	 undefined	GET	/documentations/favicon-32x32.png
20240206	 10:58:30	 fa8bd14d-a723-4f07-b62f-7616ceffd47f	 undefined	GET	/documentations/favicon-32x32.png
20240206	 11:00:08	 2e4537f9-1367-44f2-b5f7-6ab751c9799d	 undefined	GET	/documentations/
20240206	 11:00:08	 69164605-4037-4a6b-b458-8bb0799254ff	 undefined	GET	/documentations/swagger-ui.css
20240206	 11:00:08	 41668404-2055-4452-987f-6a8c57c9fd6c	 undefined	GET	/documentations/swagger-ui-bundle.js
20240206	 11:00:08	 53cd860a-76ce-4b8a-b202-80325d6aab33	 undefined	GET	/documentations/swagger-ui-standalone-preset.js
20240206	 11:00:08	 4339330e-93d6-4bca-a3c5-d1d9aa4a0938	 undefined	GET	/documentations/swagger-ui-init.js
20240206	 11:00:10	 d9f802d0-2ba7-4488-9aed-fb439af834c8	 undefined	GET	/documentations/favicon-32x32.png
20240206	 11:00:10	 137b2d6e-05db-4bfb-8d4d-a238dace3b42	 undefined	GET	/documentations/favicon-32x32.png
20240206	 11:09:45	 84c9ca5e-b1e1-400b-ae1b-74c2976d2c8a	 undefined	GET	/documentations/
20240206	 11:09:45	 b753a3a2-6a99-4ad8-bd63-de30843f5765	 undefined	GET	/documentations/swagger-ui.css
20240206	 11:09:45	 0b82df66-8cf9-4da0-977c-35655f1472e2	 undefined	GET	/documentations/swagger-ui-bundle.js
20240206	 11:09:45	 c5417a91-1141-4947-984f-a05a17281aa6	 undefined	GET	/documentations/swagger-ui-standalone-preset.js
20240206	 11:09:45	 4b8d2f60-a763-4d73-815f-6bd1743d0a50	 undefined	GET	/documentations/swagger-ui-init.js
20240206	 11:09:48	 435e0d88-9928-4975-8799-6a138a6dd8be	 undefined	GET	/documentations/favicon-32x32.png
20240206	 11:09:49	 fd363424-0758-4b04-b300-c1639c5448f8	 undefined	GET	/documentations/favicon-32x32.png
20240206	 11:32:14	 ff39b743-1df6-4657-a5a0-5459429acfe2	 undefined	GET	/documentations/
20240206	 11:32:14	 05405fa8-5ddb-4fa7-8e81-6a4a709c1663	 undefined	GET	/documentations/swagger-ui.css
20240206	 11:32:14	 cfc731d8-a1ea-47a6-ad4d-a2fce97e7463	 undefined	GET	/documentations/swagger-ui-bundle.js
20240206	 11:32:14	 f73a5bbf-ca8a-4c48-8f79-e85a68e70640	 undefined	GET	/documentations/swagger-ui-standalone-preset.js
20240206	 11:32:14	 c0ff1bf0-fdfe-410e-98c7-dbf0a80111bb	 undefined	GET	/documentations/swagger-ui-init.js
20240206	 11:32:16	 e34feb7d-8f37-4718-a9bb-4aa1c923d552	 undefined	GET	/documentations/favicon-32x32.png
20240206	 11:32:17	 94200e6c-b4d9-43ad-9048-97e7f3e25b4e	 undefined	GET	/documentations/favicon-32x32.png
20240206	 11:39:40	 717e15ff-08a4-4521-b8f8-64504baf8b75	 undefined	GET	/documentations/
20240206	 11:39:40	 7522c2ce-bfaa-4a67-804c-c22f2fd3648e	 undefined	GET	/documentations/swagger-ui.css
20240206	 11:39:41	 554eb698-5a0f-4f6d-a3cf-1a3a7787b589	 undefined	GET	/documentations/swagger-ui-bundle.js
20240206	 11:39:41	 1a318be2-a501-4561-b9df-f3b6ecade5fc	 undefined	GET	/documentations/swagger-ui-standalone-preset.js
20240206	 11:39:41	 b2feea62-f05c-4572-be29-d3870d5053bc	 undefined	GET	/documentations/swagger-ui-init.js
20240206	 11:39:43	 7d0c365c-80e0-4f0b-8e74-9e9ba7336081	 undefined	GET	/documentations/favicon-32x32.png
20240206	 11:39:44	 e6a17423-5ad3-494f-a40c-cb43b0d3046c	 undefined	GET	/documentations/favicon-32x32.png
20240206	 11:48:16	 da5ecf3e-8a6d-4812-b5c2-d10c3f4f088e	 undefined	GET	/documentations/
20240206	 11:48:16	 c3c4acf1-629b-4e29-b871-e928d667e45c	 undefined	GET	/documentations/swagger-ui.css
20240206	 11:48:16	 8ac82fe0-486f-4d3d-a0d4-66d4430f4fc9	 undefined	GET	/documentations/swagger-ui-bundle.js
20240206	 11:48:16	 887d6363-e2b7-4c36-a9ad-e6928fdd6e4e	 undefined	GET	/documentations/swagger-ui-standalone-preset.js
20240206	 11:48:16	 6bb8e97a-3470-4c0f-a094-e80c03f56d06	 undefined	GET	/documentations/swagger-ui-init.js
20240206	 11:48:18	 77d59226-b7d7-44ae-8993-a03506464468	 undefined	GET	/documentations/favicon-32x32.png
20240206	 11:48:19	 5e5702e5-1e39-4aa0-93a2-1140c3722913	 undefined	GET	/documentations/favicon-32x32.png
20240206	 11:54:03	 d8bf0fe1-09b8-4020-99e8-2a4a51c96925	 undefined	GET	/documentations/
20240206	 11:54:03	 9ab2c897-054e-4863-a0a8-cd2cd9fbf28d	 undefined	GET	/documentations/swagger-ui.css
20240206	 11:54:03	 18241574-952d-42bd-bb3d-d6e77dc0b68d	 undefined	GET	/documentations/swagger-ui-bundle.js
20240206	 11:54:03	 8e1f9a9b-e668-4441-99f6-a86f8fd0ff82	 undefined	GET	/documentations/swagger-ui-standalone-preset.js
20240206	 11:54:03	 db090c36-a4a0-42e2-a3e4-b73d5c090a66	 undefined	GET	/documentations/swagger-ui-init.js
20240206	 11:54:05	 8e3c7f06-37ed-438a-8d6c-1f4a868e617a	 undefined	GET	/documentations/favicon-32x32.png
20240206	 11:54:06	 f7568226-735e-4e31-ba4d-557e2dbd9b9c	 undefined	GET	/documentations/favicon-32x32.png
20240206	 12:14:31	 8eaf35e4-c592-456c-9f0a-f004e7cee5fc	 undefined	GET	/documentations/
20240206	 12:14:31	 a9651075-9873-47ba-b1be-0645d11f5623	 undefined	GET	/documentations/swagger-ui.css
20240206	 12:14:31	 70e9c5fa-4e3a-40bd-9762-fec07800aee7	 undefined	GET	/documentations/swagger-ui-bundle.js
20240206	 12:14:31	 a923fb50-9fbe-469d-be40-e28f1fdc91c3	 undefined	GET	/documentations/swagger-ui-standalone-preset.js
20240206	 12:14:31	 951d531e-fce5-4a7d-b9a7-c5145ff9a523	 undefined	GET	/documentations/swagger-ui-init.js
20240206	 12:14:34	 54897a37-2562-4867-9b64-b8f4afffb287	 undefined	GET	/documentations/favicon-32x32.png
20240206	 12:14:34	 7494c25b-e770-4d40-b2f2-d2854f613252	 undefined	GET	/documentations/favicon-32x32.png
20240206	 12:17:24	 24e004a4-598b-477b-991a-6cd17287ca3f	 undefined	GET	/documentations/
20240206	 12:17:24	 a6e616a7-7d6d-4f53-ae9b-049b8b1d2dd4	 undefined	GET	/documentations/swagger-ui.css
20240206	 12:17:24	 2af84cb3-f50c-47ac-a7af-f8743ffd9b01	 undefined	GET	/documentations/swagger-ui-bundle.js
20240206	 12:17:24	 53d4100f-0107-4733-81bc-8b4a35f572b1	 undefined	GET	/documentations/swagger-ui-init.js
20240206	 12:17:24	 636c273b-9905-4896-a15a-50771c437d41	 undefined	GET	/documentations/swagger-ui-standalone-preset.js
20240206	 12:17:26	 d238b423-e25f-437a-a2f6-8cb431670038	 undefined	GET	/documentations/favicon-32x32.png
20240206	 12:17:27	 ab032a21-e82c-4123-ad3c-e64255400b0b	 undefined	GET	/documentations/favicon-32x32.png
20240206	 12:19:40	 f207030d-b6a8-4f09-8344-808dfee74b09	 undefined	GET	/documentations/
20240206	 12:19:41	 40331843-7b97-4874-a272-a01e437d3c16	 undefined	GET	/documentations/swagger-ui.css
20240206	 12:19:41	 3528cec0-0593-4e58-95ee-e0dd87cb8521	 undefined	GET	/documentations/swagger-ui-bundle.js
20240206	 12:19:41	 a290a27d-3359-4752-bb82-9beb247d7fed	 undefined	GET	/documentations/swagger-ui-standalone-preset.js
20240206	 12:19:41	 b3cbe92a-5528-4a18-9395-df67f56b4a7f	 undefined	GET	/documentations/swagger-ui-init.js
20240206	 12:19:42	 8f9d7232-2045-46fe-a255-3cea8b7b69b0	 undefined	GET	/documentations/favicon-32x32.png
20240206	 12:19:43	 50c3f96a-867b-4048-807d-790d245bbf12	 undefined	GET	/documentations/favicon-32x32.png
